[2025-03-05T18:34:22.543+0000] {taskinstance.py:1165} INFO - Dependencies all met for <TaskInstance: example_bash_operator.this_will_skip scheduled__2025-03-04T00:00:00+00:00 [queued]>
[2025-03-05T18:34:22.566+0000] {taskinstance.py:1165} INFO - Dependencies all met for <TaskInstance: example_bash_operator.this_will_skip scheduled__2025-03-04T00:00:00+00:00 [queued]>
[2025-03-05T18:34:22.567+0000] {taskinstance.py:1362} INFO - 
--------------------------------------------------------------------------------
[2025-03-05T18:34:22.567+0000] {taskinstance.py:1363} INFO - Starting attempt 1 of 1
[2025-03-05T18:34:22.567+0000] {taskinstance.py:1364} INFO - 
--------------------------------------------------------------------------------
[2025-03-05T18:34:22.597+0000] {taskinstance.py:1383} INFO - Executing <Task(BashOperator): this_will_skip> on 2025-03-04 00:00:00+00:00
[2025-03-05T18:34:22.606+0000] {standard_task_runner.py:55} INFO - Started process 19422 to run task
[2025-03-05T18:34:22.616+0000] {standard_task_runner.py:82} INFO - Running: ['***', 'tasks', 'run', 'example_bash_operator', 'this_will_skip', 'scheduled__2025-03-04T00:00:00+00:00', '--job-id', '4', '--raw', '--subdir', '/home/***/.local/lib/python3.7/site-packages/***/example_dags/example_bash_operator.py', '--cfg-path', '/tmp/tmpu8z_zrx_']
[2025-03-05T18:34:22.620+0000] {standard_task_runner.py:83} INFO - Job 4: Subtask this_will_skip
[2025-03-05T18:34:22.828+0000] {task_command.py:376} INFO - Running <TaskInstance: example_bash_operator.this_will_skip scheduled__2025-03-04T00:00:00+00:00 [running]> on host 8eb8fd094c23
[2025-03-05T18:34:22.991+0000] {taskinstance.py:1592} INFO - Exporting the following env vars:
AIRFLOW_CTX_DAG_OWNER=***
AIRFLOW_CTX_DAG_ID=example_bash_operator
AIRFLOW_CTX_TASK_ID=this_will_skip
AIRFLOW_CTX_EXECUTION_DATE=2025-03-04T00:00:00+00:00
AIRFLOW_CTX_TRY_NUMBER=1
AIRFLOW_CTX_DAG_RUN_ID=scheduled__2025-03-04T00:00:00+00:00
[2025-03-05T18:34:22.998+0000] {subprocess.py:63} INFO - Tmp dir root location: 
 /tmp
[2025-03-05T18:34:23.002+0000] {subprocess.py:75} INFO - Running command: ['/bin/bash', '-c', 'echo "hello world"; exit 99;']
[2025-03-05T18:34:23.048+0000] {subprocess.py:86} INFO - Output:
[2025-03-05T18:34:23.058+0000] {subprocess.py:93} INFO - hello world
[2025-03-05T18:34:23.059+0000] {subprocess.py:97} INFO - Command exited with return code 99
[2025-03-05T18:34:23.061+0000] {taskinstance.py:1481} INFO - Bash command returned exit code 99. Skipping.
[2025-03-05T18:34:23.086+0000] {taskinstance.py:1406} INFO - Marking task as SKIPPED. dag_id=example_bash_operator, task_id=this_will_skip, execution_date=20250304T000000, start_date=20250305T183422, end_date=20250305T183423
[2025-03-05T18:34:23.185+0000] {local_task_job.py:164} INFO - Task exited with return code 0
[2025-03-05T18:34:23.262+0000] {local_task_job.py:273} INFO - 0 downstream tasks scheduled from follow-on schedule check
