[2025-03-05T18:34:26.613+0000] {taskinstance.py:1165} INFO - Dependencies all met for <TaskInstance: example_bash_operator.run_after_loop scheduled__2025-03-04T00:00:00+00:00 [queued]>
[2025-03-05T18:34:26.618+0000] {taskinstance.py:1165} INFO - Dependencies all met for <TaskInstance: example_bash_operator.run_after_loop scheduled__2025-03-04T00:00:00+00:00 [queued]>
[2025-03-05T18:34:26.619+0000] {taskinstance.py:1362} INFO - 
--------------------------------------------------------------------------------
[2025-03-05T18:34:26.619+0000] {taskinstance.py:1363} INFO - Starting attempt 1 of 1
[2025-03-05T18:34:26.619+0000] {taskinstance.py:1364} INFO - 
--------------------------------------------------------------------------------
[2025-03-05T18:34:26.625+0000] {taskinstance.py:1383} INFO - Executing <Task(BashOperator): run_after_loop> on 2025-03-04 00:00:00+00:00
[2025-03-05T18:34:26.630+0000] {standard_task_runner.py:55} INFO - Started process 19441 to run task
[2025-03-05T18:34:26.634+0000] {standard_task_runner.py:82} INFO - Running: ['***', 'tasks', 'run', 'example_bash_operator', 'run_after_loop', 'scheduled__2025-03-04T00:00:00+00:00', '--job-id', '8', '--raw', '--subdir', '/home/***/.local/lib/python3.7/site-packages/***/example_dags/example_bash_operator.py', '--cfg-path', '/tmp/tmpdj8ydv27']
[2025-03-05T18:34:26.634+0000] {standard_task_runner.py:83} INFO - Job 8: Subtask run_after_loop
[2025-03-05T18:34:26.703+0000] {task_command.py:376} INFO - Running <TaskInstance: example_bash_operator.run_after_loop scheduled__2025-03-04T00:00:00+00:00 [running]> on host 8eb8fd094c23
[2025-03-05T18:34:26.778+0000] {taskinstance.py:1592} INFO - Exporting the following env vars:
AIRFLOW_CTX_DAG_OWNER=***
AIRFLOW_CTX_DAG_ID=example_bash_operator
AIRFLOW_CTX_TASK_ID=run_after_loop
AIRFLOW_CTX_EXECUTION_DATE=2025-03-04T00:00:00+00:00
AIRFLOW_CTX_TRY_NUMBER=1
AIRFLOW_CTX_DAG_RUN_ID=scheduled__2025-03-04T00:00:00+00:00
[2025-03-05T18:34:26.780+0000] {subprocess.py:63} INFO - Tmp dir root location: 
 /tmp
[2025-03-05T18:34:26.781+0000] {subprocess.py:75} INFO - Running command: ['/bin/bash', '-c', 'echo 1']
[2025-03-05T18:34:26.797+0000] {subprocess.py:86} INFO - Output:
[2025-03-05T18:34:26.830+0000] {subprocess.py:93} INFO - 1
[2025-03-05T18:34:26.831+0000] {subprocess.py:97} INFO - Command exited with return code 0
[2025-03-05T18:34:26.873+0000] {taskinstance.py:1406} INFO - Marking task as SUCCESS. dag_id=example_bash_operator, task_id=run_after_loop, execution_date=20250304T000000, start_date=20250305T183426, end_date=20250305T183426
[2025-03-05T18:34:26.901+0000] {local_task_job.py:164} INFO - Task exited with return code 0
[2025-03-05T18:34:26.914+0000] {local_task_job.py:273} INFO - 0 downstream tasks scheduled from follow-on schedule check
